[
  {
    "object_id": "05ba73f3f2bb4050988e087f53e98dc9",
    "conversation_type": "detailed_description",
    "conversations": [
      {
        "from": "human",
        "value": "<point>\nProvide a meticulous explanation of what these points represent."
      },
      {
        "from": "gpt",
        "value": "This three-dimensional model represents a large aircraft with a dominating white color scheme. It features a striking red stripe running longitudinally along the middle of its fuselage. The jet is likely designed for commercial transportation, given its size. The color scheme and red stripe might be emblematic of a specific airline company's signature design. This airplane is presumably engineered for long haul flights, due to its substantial size."
      }
    ]
  },
  {
    "object_id": "05ba73f3f2bb4050988e087f53e98dc9",
    "conversation_type": "single_round",
    "conversations": [
      {
        "from": "human",
        "value": "<point>\nWhat color is the stripe on the airplane?"
      },
      {
        "from": "gpt",
        "value": "The stripe on the airplane is red."
      }
    ]
  },
  {
    "object_id": "05ba73f3f2bb4050988e087f53e98dc9",
    "conversation_type": "single_round",
    "conversations": [
      {
        "from": "human",
        "value": "<point>\nWhat can the size of the airplane tell us about its potential use?"
      },
      {
        "from": "gpt",
        "value": "The large size of the airplane suggests it is likely designed for commercial transportation, specifically for long haul flights."
      }
    ]
  },
  {
    "object_id": "05ba73f3f2bb4050988e087f53e98dc9",
    "conversation_type": "multi_round",
    "conversations": [
      {
        "from": "human",
        "value": "<point>\nCan the appearance of the airplane infer any affiliation to a specific airline?"
      },
      {
        "from": "gpt",
        "value": "Yes, the color scheme and the red stripe might be indicative of a specific airline's design."
      },
      {
        "from": "human",
        "value": "What does the central placement of the stripe suggest?"
      },
      {
        "from": "gpt",
        "value": "The central placement of the stripe along the body of the airplane is common in aircraft designs, often serving an aesthetic function or as part of a company's brand identity."
      },
      {
        "from": "human",
        "value": "Is the airplane likely to be used for short or long flights?"
      },
      {
        "from": "gpt",
        "value": "Given the significant size of the airplane, it is presumably engineered for long haul flights."
      }
    ]
  },
  {
    "object_id": "00931524d5d74718ab5b6b9348f6d669",
    "conversation_type": "detailed_description",
    "conversations": [
      {
        "from": "human",
        "value": "<point>\nWhat is this?"
      },
      {
        "from": "gpt",
        "value": "This 3D model represents a dynamic, cartoon-style dragon, sitting on a black rock. The dragon is green with yellow accents extending from its neck all the way down to its stomach, creating an eye-catching contrast. Its mouth is wide open, suggesting a roar or possibly breathing fire, and its wings are fully spread out behind it, indicating readiness for flight. This model could possibly be used in animated video games, movies, or children's shows."
      }
    ]
  },
  {
    "object_id": "00931524d5d74718ab5b6b9348f6d669",
    "conversation_type": "single_round",
    "conversations": [
      {
        "from": "human",
        "value": "<point>\nWhat is the color of the dragon in the 3D model?"
      },
      {
        "from": "gpt",
        "value": "The dragon is primarily green with yellow accents running down from its neck to its stomach."
      }
    ]
  },
  {
    "object_id": "00931524d5d74718ab5b6b9348f6d669",
    "conversation_type": "single_round",
    "conversations": [
      {
        "from": "human",
        "value": "<point>\nWhat action does the dragon appears to be taking?"
      },
      {
        "from": "gpt",
        "value": "The dragon appears to be roaring or possibly breathing fire, as its mouth is wide open. Also, its wings are fully spread, suggesting it could be preparing to fly."
      }
    ]
  },
  {
    "object_id": "00931524d5d74718ab5b6b9348f6d669",
    "conversation_type": "multi_round",
    "conversations": [
      {
        "from": "human",
        "value": "<point>\nWhat is the primary color of the dragon?"
      },
      {
        "from": "gpt",
        "value": "The dragon is primarily green."
      },
      {
        "from": "human",
        "value": "Are there any secondary colors on the dragon? If yes, where?"
      },
      {
        "from": "gpt",
        "value": "Yes, there are yellow accents on the dragon, extending from its neck down to its stomach."
      },
      {
        "from": "human",
        "value": "What does the wide-open mouth of the dragon indicate?"
      },
      {
        "from": "gpt",
        "value": "The dragon's wide-open mouth either suggests it is roaring or possibly about to breathe fire."
      }
    ]
  },
  {
    "object_id": "3524218d6a804e29901c4324ee47aa10",
    "conversation_type": "detailed_description",
    "conversations": [
      {
        "from": "human",
        "value": "<point>\nThis looks interesting, can you expand on it?"
      },
      {
        "from": "gpt",
        "value": "This is a three-dimensional model of a cartoon-like white cat. The model portrays a vivid representation of a feline, complete with ears, tail, eyes, and whiskers, inspired by popular animation styles. While being entirely white, the cat's features are still distinguishable due to their shape and size. This model could be used in simplified video animations, games, or as a kid-friendly symbol in various designs."
      }
    ]
  },
  {
    "object_id": "3524218d6a804e29901c4324ee47aa10",
    "conversation_type": "single_round",
    "conversations": [
      {
        "from": "human",
        "value": "<point>\nWhat color is the 3D model?"
      },
      {
        "from": "gpt",
        "value": "The model is entirely white."
      }
    ]
  },
  {
    "object_id": "3524218d6a804e29901c4324ee47aa10",
    "conversation_type": "single_round",
    "conversations": [
      {
        "from": "human",
        "value": "<point>\nWhat common uses could the 3D model have?"
      },
      {
        "from": "gpt",
        "value": "The 3D model could be used in simplified video animations, games, or as a kid-friendly symbol in various designs."
      }
    ]
  },
  {
    "object_id": "3524218d6a804e29901c4324ee47aa10",
    "conversation_type": "multi_round",
    "conversations": [
      {
        "from": "human",
        "value": "<point>\nWhat type of 3D model is this?"
      },
      {
        "from": "gpt",
        "value": "This is a 3D model of a cartoon-like cat."
      },
      {
        "from": "human",
        "value": "What is the color of the model?"
      },
      {
        "from": "gpt",
        "value": "The model is white."
      },
      {
        "from": "human",
        "value": "Can you tell me a possible use case of this 3D model?"
      },
      {
        "from": "gpt",
        "value": "This 3D model could be used in children's media such as animated videos or games."
      }
    ]
  },
  {
    "object_id": "0dc6f643c5aa4a22a8a81f0cbf3ac05b",
    "conversation_type": "detailed_description",
    "conversations": [
      {
        "from": "human",
        "value": "<point>\nElaborate on the details of this point cloud, please."
      },
      {
        "from": "gpt",
        "value": "The 3D model object is a vibrant pink pony, possibly designed for children's entertainment or an animated show. The pony is characterized by noticeably white eyes that contrast sharply with its body color. Further adding to its familiarity and aesthetic appeal, the pony has a mane and a tail that combines strands of yellow and purple hair. The attractive color combination and the friendly look of the pony suggest its possible use as a character in a children's animation or as a model for a toy."
      }
    ]
  },
  {
    "object_id": "0dc6f643c5aa4a22a8a81f0cbf3ac05b",
    "conversation_type": "single_round",
    "conversations": [
      {
        "from": "human",
        "value": "<point>\nWhat colors compose the mixed hair of the pink pony?"
      },
      {
        "from": "gpt",
        "value": "The pony's hair is a combination of yellow and purple strands."
      }
    ]
  },
  {
    "object_id": "0dc6f643c5aa4a22a8a81f0cbf3ac05b",
    "conversation_type": "single_round",
    "conversations": [
      {
        "from": "human",
        "value": "<point>\nWhat could be the possible uses of the 3D model of the pony?"
      },
      {
        "from": "gpt",
        "value": "The 3D model of the pony could be used as a character in children's animation or as a design for a toy."
      }
    ]
  },
  {
    "object_id": "0dc6f643c5aa4a22a8a81f0cbf3ac05b",
    "conversation_type": "multi_round",
    "conversations": [
      {
        "from": "human",
        "value": "<point>\nWhat is the significance of the vibrant pink color of the pony?"
      },
      {
        "from": "gpt",
        "value": "The vibrant pink color of the pony is appealing for children and contributes to its aesthetic appeal."
      },
      {
        "from": "human",
        "value": "Could the 3D model of the pink pony be specifically targeted towards children?"
      },
      {
        "from": "gpt",
        "value": "Yes, given its friendly look and bright, contrasting colors, the 3D model of the pink pony seems to be targeted towards children."
      },
      {
        "from": "human",
        "value": "What makes this 3D model pony different from other ponies?"
      },
      {
        "from": "gpt",
        "value": "The combination of yellow and purple in its mane and tail along with white eyes set against a striking pink body are key features that distinguish this 3D model pony from others."
      }
    ]
  },
  {
    "object_id": "1f76c253cc994f57a4327df3578ca8d1",
    "conversation_type": "detailed_description",
    "conversations": [
      {
        "from": "human",
        "value": "<point>\nGive a thorough rundown of this point cloud."
      },
      {
        "from": "gpt",
        "value": "The 3D object model represents a part of a red bus with white stripes. Specifically, it is the left side of the bus, with the top and right sides missing. It has a flat and incomplete look due to the missing sides. The bus appears to have typical features like windows and doors that are usually found in conventional buses. Notably, it adopts a classic color scheme of red body with white stripes, common in some public transit systems."
